[0209/231054.519:ERROR:process_reader_win.cc(173)] ResumeThread: The parameter is incorrect. (0x57)
[0209/231054.566:ERROR:process_reader_win.cc(114)] NtOpenThread: An invalid Client ID was specified.  (0xc000000b)
[0209/231054.602:ERROR:process_reader_win.cc(114)] NtOpenThread: An invalid Client ID was specified.  (0xc000000b)
[0209/231054.602:ERROR:process_reader_win.cc(114)] NtOpenThread: An invalid Client ID was specified.  (0xc000000b)
[0209/231054.602:ERROR:process_reader_win.cc(114)] NtOpenThread: An invalid Client ID was specified.  (0xc000000b)
[0209/231054.602:ERROR:process_reader_win.cc(114)] NtOpenThread: An invalid Client ID was specified.  (0xc000000b)
[0209/231054.602:ERROR:process_reader_win.cc(114)] NtOpenThread: An invalid Client ID was specified.  (0xc000000b)
[0209/231054.602:ERROR:process_reader_win.cc(114)] NtOpenThread: An invalid Client ID was specified.  (0xc000000b)
[0209/231054.603:ERROR:process_reader_win.cc(114)] NtOpenThread: An invalid Client ID was specified.  (0xc000000b)
[0209/231054.603:ERROR:process_reader_win.cc(114)] NtOpenThread: An invalid Client ID was specified.  (0xc000000b)
[0209/231054.603:ERROR:process_reader_win.cc(114)] NtOpenThread: An invalid Client ID was specified.  (0xc000000b)
[0209/231054.603:ERROR:process_reader_win.cc(114)] NtOpenThread: An invalid Client ID was specified.  (0xc000000b)
[0209/231054.603:ERROR:process_reader_win.cc(233)] ReadMemory at 0x43b994 of 8 bytes failed: Only part of a ReadProcessMemory or WriteProcessMemory request was completed. (0x12B)
[0209/231054.616:ERROR:exception_snapshot_win.cc(180)] EXCEPTION_POINTERS read failed
[0209/231054.617:WARNING:crash_report_exception_handler.cc(60)] ProcessSnapshotWin::Initialize failed
[0209/231054.619:ERROR:scoped_process_suspend.cc(38)] NtResumeProcess: An attempt was made to access an exiting process.  (0xc000010a)
[0212/115834.093:ERROR:process_reader_win.cc(142)] SuspendThread: Access is denied. (0x5)
[0212/115834.123:ERROR:process_reader_win.cc(233)] ReadMemory at 0x4dbdf4 of 8 bytes failed: Only part of a ReadProcessMemory or WriteProcessMemory request was completed. (0x12B)
[0212/115834.123:ERROR:exception_snapshot_win.cc(180)] EXCEPTION_POINTERS read failed
[0212/115834.123:WARNING:crash_report_exception_handler.cc(60)] ProcessSnapshotWin::Initialize failed
[0212/115834.123:ERROR:scoped_process_suspend.cc(38)] NtResumeProcess: An attempt was made to access an exiting process.  (0xc000010a)
